<?xml version="1.0" encoding="UTF-8"?>
<testng-results skipped="0" failed="0" ignored="0" total="4" passed="4">
  <reporter-output>
  </reporter-output>
  <suite name="Default suite" duration-ms="30490" started-at="2023-01-21T15:59:17 IST" finished-at="2023-01-21T15:59:47 IST">
    <groups>
    </groups>
    <test name="Default test" duration-ms="30490" started-at="2023-01-21T15:59:17 IST" finished-at="2023-01-21T15:59:47 IST">
      <class name="com.CreateAccount.SDP_Facebook.Signup">
        <test-method status="PASS" signature="browser_Launch()[pri:0, instance:com.CreateAccount.SDP_Facebook.Signup@7a3d45bd]" name="browser_Launch" is-config="true" duration-ms="1987" started-at="2023-01-21T15:59:17 IST" finished-at="2023-01-21T15:59:19 IST">
          <reporter-output>
          </reporter-output>
        </test-method> <!-- browser_Launch -->
        <test-method status="PASS" signature="url_Launch()[pri:0, instance:com.CreateAccount.SDP_Facebook.Signup@7a3d45bd]" name="url_Launch" is-config="true" duration-ms="970" started-at="2023-01-21T15:59:19 IST" finished-at="2023-01-21T15:59:20 IST">
          <reporter-output>
          </reporter-output>
        </test-method> <!-- url_Launch -->
        <test-method status="PASS" signature="login()[pri:0, instance:com.CreateAccount.SDP_Facebook.Signup@7a3d45bd]" name="login" duration-ms="5443" started-at="2023-01-21T15:59:20 IST" finished-at="2023-01-21T15:59:25 IST">
          <reporter-output>
          </reporter-output>
        </test-method> <!-- login -->
        <test-method status="PASS" signature="screen_Shot1()[pri:0, instance:com.CreateAccount.SDP_Facebook.Signup@7a3d45bd]" name="screen_Shot1" duration-ms="14676" started-at="2023-01-21T15:59:25 IST" depends-on-methods="com.CreateAccount.SDP_Facebook.Signup.login" finished-at="2023-01-21T15:59:40 IST">
          <reporter-output>
          </reporter-output>
        </test-method> <!-- screen_Shot1 -->
        <test-method status="PASS" signature="create_Account()[pri:0, instance:com.CreateAccount.SDP_Facebook.Signup@7a3d45bd]" name="create_Account" duration-ms="6890" started-at="2023-01-21T15:59:40 IST" depends-on-methods="com.CreateAccount.SDP_Facebook.Signup.screen_Shot1" finished-at="2023-01-21T15:59:47 IST">
          <reporter-output>
          </reporter-output>
        </test-method> <!-- create_Account -->
        <test-method status="PASS" signature="screen_Shot2()[pri:0, instance:com.CreateAccount.SDP_Facebook.Signup@7a3d45bd]" name="screen_Shot2" duration-ms="296" started-at="2023-01-21T15:59:47 IST" depends-on-methods="com.CreateAccount.SDP_Facebook.Signup.create_Account" finished-at="2023-01-21T15:59:47 IST">
          <reporter-output>
          </reporter-output>
        </test-method> <!-- screen_Shot2 -->
        <test-method status="PASS" signature="close1()[pri:0, instance:com.CreateAccount.SDP_Facebook.Signup@7a3d45bd]" name="close1" is-config="true" duration-ms="160" started-at="2023-01-21T15:59:47 IST" finished-at="2023-01-21T15:59:47 IST">
          <reporter-output>
          </reporter-output>
        </test-method> <!-- close1 -->
      </class> <!-- com.CreateAccount.SDP_Facebook.Signup -->
    </test> <!-- Default test -->
  </suite> <!-- Default suite -->
</testng-results>
